<?xml version="1.0" encoding="UTF-8"?>
<testsuite xmlns:xsi="http://www.w3.org/2001/XMLSchema-instance" xsi:noNamespaceSchemaLocation="https://maven.apache.org/surefire/maven-surefire-plugin/xsd/surefire-test-report-3.0.xsd" version="3.0" name="com.expensetracker.service.ExpenseServiceTest" time="0.065" tests="24" errors="0" skipped="0" failures="0">
  <properties>
    <property name="java.specification.version" value="21"/>
    <property name="sun.jnu.encoding" value="UTF-8"/>
    <property name="java.class.path" value="/home/manas/exp-tracker/target/test-classes:/home/manas/exp-tracker/target/classes:/home/manas/.m2/repository/org/junit/jupiter/junit-jupiter-engine/5.8.2/junit-jupiter-engine-5.8.2.jar:/home/manas/.m2/repository/org/junit/platform/junit-platform-engine/1.8.2/junit-platform-engine-1.8.2.jar:/home/manas/.m2/repository/org/apiguardian/apiguardian-api/1.1.2/apiguardian-api-1.1.2.jar:/home/manas/.m2/repository/org/junit/jupiter/junit-jupiter-api/5.8.2/junit-jupiter-api-5.8.2.jar:/home/manas/.m2/repository/org/opentest4j/opentest4j/1.2.0/opentest4j-1.2.0.jar:/home/manas/.m2/repository/org/junit/platform/junit-platform-commons/1.8.2/junit-platform-commons-1.8.2.jar:/home/manas/.m2/repository/org/junit/jupiter/junit-jupiter-params/5.8.2/junit-jupiter-params-5.8.2.jar:/home/manas/.m2/repository/io/dropwizard/metrics/metrics-graphite/4.1.18/metrics-graphite-4.1.18.jar:/home/manas/.m2/repository/io/dropwizard/metrics/metrics-core/4.1.18/metrics-core-4.1.18.jar:/home/manas/.m2/repository/com/rabbitmq/amqp-client/5.11.0/amqp-client-5.11.0.jar:/home/manas/.m2/repository/org/slf4j/slf4j-api/1.7.30/slf4j-api-1.7.30.jar:"/>
    <property name="java.vm.vendor" value="Red Hat, Inc."/>
    <property name="sun.arch.data.model" value="64"/>
    <property name="java.vendor.url" value="https://www.redhat.com/"/>
    <property name="user.timezone" value="Asia/Kolkata"/>
    <property name="os.name" value="Linux"/>
    <property name="java.vm.specification.version" value="21"/>
    <property name="sun.java.launcher" value="SUN_STANDARD"/>
    <property name="user.country" value="US"/>
    <property name="sun.boot.library.path" value="/usr/lib/jvm/java-21-openjdk/lib"/>
    <property name="sun.java.command" value="/home/manas/exp-tracker/target/surefire/surefirebooter-20250706220306801_3.jar /home/manas/exp-tracker/target/surefire 2025-07-06T22-03-06_632-jvmRun1 surefire-20250706220306801_1tmp surefire_0-20250706220306801_2tmp"/>
    <property name="jdk.debug" value="release"/>
    <property name="surefire.test.class.path" value="/home/manas/exp-tracker/target/test-classes:/home/manas/exp-tracker/target/classes:/home/manas/.m2/repository/org/junit/jupiter/junit-jupiter-engine/5.8.2/junit-jupiter-engine-5.8.2.jar:/home/manas/.m2/repository/org/junit/platform/junit-platform-engine/1.8.2/junit-platform-engine-1.8.2.jar:/home/manas/.m2/repository/org/apiguardian/apiguardian-api/1.1.2/apiguardian-api-1.1.2.jar:/home/manas/.m2/repository/org/junit/jupiter/junit-jupiter-api/5.8.2/junit-jupiter-api-5.8.2.jar:/home/manas/.m2/repository/org/opentest4j/opentest4j/1.2.0/opentest4j-1.2.0.jar:/home/manas/.m2/repository/org/junit/platform/junit-platform-commons/1.8.2/junit-platform-commons-1.8.2.jar:/home/manas/.m2/repository/org/junit/jupiter/junit-jupiter-params/5.8.2/junit-jupiter-params-5.8.2.jar:/home/manas/.m2/repository/io/dropwizard/metrics/metrics-graphite/4.1.18/metrics-graphite-4.1.18.jar:/home/manas/.m2/repository/io/dropwizard/metrics/metrics-core/4.1.18/metrics-core-4.1.18.jar:/home/manas/.m2/repository/com/rabbitmq/amqp-client/5.11.0/amqp-client-5.11.0.jar:/home/manas/.m2/repository/org/slf4j/slf4j-api/1.7.30/slf4j-api-1.7.30.jar:"/>
    <property name="sun.cpu.endian" value="little"/>
    <property name="user.home" value="/home/manas"/>
    <property name="user.language" value="en"/>
    <property name="java.specification.vendor" value="Oracle Corporation"/>
    <property name="java.version.date" value="2025-04-15"/>
    <property name="java.home" value="/usr/lib/jvm/java-21-openjdk"/>
    <property name="file.separator" value="/"/>
    <property name="basedir" value="/home/manas/exp-tracker"/>
    <property name="java.vm.compressedOopsMode" value="Zero based"/>
    <property name="line.separator" value="&#10;"/>
    <property name="java.specification.name" value="Java Platform API Specification"/>
    <property name="java.vm.specification.vendor" value="Oracle Corporation"/>
    <property name="surefire.real.class.path" value="/home/manas/exp-tracker/target/surefire/surefirebooter-20250706220306801_3.jar"/>
    <property name="sun.management.compiler" value="HotSpot 64-Bit Tiered Compilers"/>
    <property name="java.runtime.version" value="21.0.7+6"/>
    <property name="user.name" value="manas"/>
    <property name="stdout.encoding" value="UTF-8"/>
    <property name="path.separator" value=":"/>
    <property name="os.version" value="6.15.4-200.fc42.x86_64"/>
    <property name="java.runtime.name" value="OpenJDK Runtime Environment"/>
    <property name="file.encoding" value="UTF-8"/>
    <property name="java.vm.name" value="OpenJDK 64-Bit Server VM"/>
    <property name="java.vendor.version" value="(Red_Hat-21.0.7.0.6-2)"/>
    <property name="localRepository" value="/home/manas/.m2/repository"/>
    <property name="java.vendor.url.bug" value="https://bugzilla.redhat.com/enter_bug.cgi?product=Fedora&amp;component=java-21-openjdk&amp;version=41"/>
    <property name="java.io.tmpdir" value="/tmp"/>
    <property name="java.version" value="21.0.7"/>
    <property name="user.dir" value="/home/manas/exp-tracker"/>
    <property name="os.arch" value="amd64"/>
    <property name="java.vm.specification.name" value="Java Virtual Machine Specification"/>
    <property name="native.encoding" value="UTF-8"/>
    <property name="java.library.path" value="/usr/java/packages/lib:/usr/lib64:/lib64:/lib:/usr/lib"/>
    <property name="java.vm.info" value="mixed mode, sharing"/>
    <property name="stderr.encoding" value="UTF-8"/>
    <property name="java.vendor" value="Red Hat, Inc."/>
    <property name="java.vm.version" value="21.0.7+6"/>
    <property name="sun.io.unicode.encoding" value="UnicodeLittle"/>
    <property name="java.class.version" value="65.0"/>
  </properties>
  <testcase name="testAddExpenseWithInvalidAmount" classname="com.expensetracker.service.ExpenseServiceTest" time="0.002"/>
  <testcase name="testAddExpenseWithNullDate" classname="com.expensetracker.service.ExpenseServiceTest" time="0.001"/>
  <testcase name="testGetExpenseCount" classname="com.expensetracker.service.ExpenseServiceTest" time="0.001"/>
  <testcase name="testGetCategories" classname="com.expensetracker.service.ExpenseServiceTest" time="0.001"/>
  <testcase name="testMultipleCategories(String)[1]" classname="com.expensetracker.service.ExpenseServiceTest" time="0.016"/>
  <testcase name="testMultipleCategories(String)[2]" classname="com.expensetracker.service.ExpenseServiceTest" time="0.001"/>
  <testcase name="testMultipleCategories(String)[3]" classname="com.expensetracker.service.ExpenseServiceTest" time="0.001"/>
  <testcase name="testMultipleCategories(String)[4]" classname="com.expensetracker.service.ExpenseServiceTest" time="0.001"/>
  <testcase name="testMultipleCategories(String)[5]" classname="com.expensetracker.service.ExpenseServiceTest" time="0"/>
  <testcase name="testClearAllExpenses" classname="com.expensetracker.service.ExpenseServiceTest" time="0.001"/>
  <testcase name="testGetExpensesByDateRange" classname="com.expensetracker.service.ExpenseServiceTest" time="0.001"/>
  <testcase name="testGetExpensesByCategory" classname="com.expensetracker.service.ExpenseServiceTest" time="0"/>
  <testcase name="testTrimWhitespaceInInputs" classname="com.expensetracker.service.ExpenseServiceTest" time="0.002"/>
  <testcase name="testAddExpense" classname="com.expensetracker.service.ExpenseServiceTest" time="0.001"/>
  <testcase name="testRemoveNonExistentExpense" classname="com.expensetracker.service.ExpenseServiceTest" time="0.001"/>
  <testcase name="testGetTotalByCategory" classname="com.expensetracker.service.ExpenseServiceTest" time="0"/>
  <testcase name="testGetTotalExpenses" classname="com.expensetracker.service.ExpenseServiceTest" time="0"/>
  <testcase name="testAddExpenseWithInvalidDescription" classname="com.expensetracker.service.ExpenseServiceTest" time="0.001"/>
  <testcase name="testComplexScenario" classname="com.expensetracker.service.ExpenseServiceTest" time="0.001"/>
  <testcase name="testGetAllExpenses" classname="com.expensetracker.service.ExpenseServiceTest" time="0.001"/>
  <testcase name="testGetExpenseById" classname="com.expensetracker.service.ExpenseServiceTest" time="0"/>
  <testcase name="testAddExpenseWithDate" classname="com.expensetracker.service.ExpenseServiceTest" time="0"/>
  <testcase name="testRemoveExpense" classname="com.expensetracker.service.ExpenseServiceTest" time="0.001"/>
  <testcase name="testAddExpenseWithInvalidCategory" classname="com.expensetracker.service.ExpenseServiceTest" time="0.001"/>
</testsuite>